"../../../Engine/Content/EngineMaterials/T_Default_Material_Grid_M.uasset" 0
"../../../Engine/Content/EngineMaterials/T_Default_Material_Grid_M.ubulk" 1
"../../../Engine/Content/EngineMaterials/T_Default_Material_Grid_M.uexp" 2
"../../../Engine/Content/EngineMaterials/T_Default_Material_Grid_N.uasset" 3
"../../../Engine/Content/EngineMaterials/T_Default_Material_Grid_N.uexp" 4
"../../../Engine/Content/EngineMaterials/T_Default_Material_Grid_N.ubulk" 5
"../../../Engine/Content/Functions/Engine_MaterialFunctions01/Opacity/CameraDepthFade.uexp" 6
"../../../Engine/Content/Functions/Engine_MaterialFunctions01/Opacity/CameraDepthFade.uasset" 7
"../../../Engine/Content/EngineMaterials/DefaultMaterial.uasset" 8
"../../../Engine/Content/EngineMaterials/DefaultMaterial.uexp" 9
"../../../Engine/Content/BasicShapes/Sphere.uexp" 10
"../../../Engine/Content/BasicShapes/Sphere.ubulk" 11
"../../../Engine/Content/BasicShapes/Sphere.uasset" 12
"../../../Engine/Content/EngineMaterials/WorldGridMaterial.uexp" 13
"../../../Engine/Content/EngineMaterials/WorldGridMaterial.uasset" 14
"../../../Engine/Content/BasicShapes/Plane.ubulk" 15
"../../../Engine/Content/BasicShapes/Plane.uasset" 16
"../../../Engine/Content/BasicShapes/Plane.uexp" 17
"../../../Engine/Content/BasicShapes/Cylinder.uasset" 18
"../../../Engine/Content/BasicShapes/Cylinder.ubulk" 19
"../../../Engine/Content/BasicShapes/Cylinder.uexp" 20
"../../../Engine/Content/BasicShapes/Cube.ubulk" 21
"../../../Engine/Content/BasicShapes/Cube.uasset" 22
"../../../Engine/Content/BasicShapes/Cube.uexp" 23
"../../../Engine/Content/BasicShapes/Cone.uasset" 24
"../../../Engine/Content/BasicShapes/Cone.uexp" 25
"../../../Engine/Content/BasicShapes/Cone.ubulk" 26
"../../../Engine/Content/ArtTools/RenderToTexture/Meshes/S_1_Unit_Plane.uexp" 27
"../../../Engine/Content/ArtTools/RenderToTexture/Meshes/S_1_Unit_Plane.ubulk" 28
"../../../Engine/Content/ArtTools/RenderToTexture/Meshes/S_1_Unit_Plane.uasset" 29
"/Users/airat/Documents/Unreal Projects/InsertGameName/Content/LevelPrototyping/Materials/M_Solid.uexp" 30
"/Users/airat/Documents/Unreal Projects/InsertGameName/Content/LevelPrototyping/Materials/M_Solid.uasset" 31
"/Users/airat/Documents/Unreal Projects/InsertGameName/Content/LevelPrototyping/Materials/MI_Solid_Blue.uexp" 32
"/Users/airat/Documents/Unreal Projects/InsertGameName/Content/LevelPrototyping/Materials/MI_Solid_Blue.uasset" 33
"/Users/airat/Documents/Unreal Projects/InsertGameName/Content/LevelPrototyping/Meshes/SM_ChamferCube.ubulk" 34
"/Users/airat/Documents/Unreal Projects/InsertGameName/Content/LevelPrototyping/Meshes/SM_ChamferCube.uexp" 35
"/Users/airat/Documents/Unreal Projects/InsertGameName/Content/LevelPrototyping/Meshes/SM_ChamferCube.uasset" 36
"/Users/airat/Documents/Unreal Projects/InsertGameName/Content/LevelPrototyping/Textures/T_GridChecker_A.uasset" 37
"/Users/airat/Documents/Unreal Projects/InsertGameName/Content/LevelPrototyping/Textures/T_GridChecker_A.uexp" 38
"/Users/airat/Documents/Unreal Projects/InsertGameName/Content/LevelPrototyping/Textures/T_GridChecker_A.ubulk" 39
"../../../Engine/Content/Functions/Engine_MaterialFunctions02/Utility/MakeFloat3.uexp" 40
"../../../Engine/Content/Functions/Engine_MaterialFunctions02/Utility/MakeFloat3.uasset" 41
"../../../Engine/Content/Functions/Engine_MaterialFunctions01/Gradient/LinearGradient.uasset" 42
"../../../Engine/Content/Functions/Engine_MaterialFunctions01/Gradient/LinearGradient.uexp" 43
"../../../Engine/Content/Functions/Engine_MaterialFunctions01/ImageAdjustment/CheapContrast.uasset" 44
"../../../Engine/Content/Functions/Engine_MaterialFunctions01/ImageAdjustment/CheapContrast.uexp" 45
"../../../Engine/Content/Functions/Engine_MaterialFunctions02/Utility/BreakOutFloat3Components.uasset" 46
"../../../Engine/Content/Functions/Engine_MaterialFunctions02/Utility/BreakOutFloat3Components.uexp" 47
"/Users/airat/Documents/Unreal Projects/InsertGameName/Content/LevelPrototyping/Materials/MF_ProcGrid.uexp" 48
"/Users/airat/Documents/Unreal Projects/InsertGameName/Content/LevelPrototyping/Materials/MF_ProcGrid.uasset" 49
"/Users/airat/Documents/Unreal Projects/InsertGameName/Content/LevelPrototyping/Materials/M_PrototypeGrid.uexp" 50
"/Users/airat/Documents/Unreal Projects/InsertGameName/Content/LevelPrototyping/Materials/M_PrototypeGrid.uasset" 51
"/Users/airat/Documents/Unreal Projects/InsertGameName/Content/LevelPrototyping/Materials/MI_PrototypeGrid_Gray.uexp" 52
"/Users/airat/Documents/Unreal Projects/InsertGameName/Content/LevelPrototyping/Materials/MI_PrototypeGrid_Gray.uasset" 53
"/Users/airat/Documents/Unreal Projects/InsertGameName/Content/LevelPrototyping/Meshes/SM_Cube.ubulk" 54
"/Users/airat/Documents/Unreal Projects/InsertGameName/Content/LevelPrototyping/Meshes/SM_Cube.uexp" 55
"/Users/airat/Documents/Unreal Projects/InsertGameName/Content/LevelPrototyping/Meshes/SM_Cube.uasset" 56
"/Users/airat/Documents/Unreal Projects/InsertGameName/Content/LevelPrototyping/Meshes/SM_QuarterCylinder.uasset" 57
"/Users/airat/Documents/Unreal Projects/InsertGameName/Content/LevelPrototyping/Meshes/SM_QuarterCylinder.uexp" 58
"/Users/airat/Documents/Unreal Projects/InsertGameName/Content/LevelPrototyping/Meshes/SM_QuarterCylinder.ubulk" 59
"/Users/airat/Documents/Unreal Projects/InsertGameName/Content/LevelPrototyping/Meshes/SM_Ramp.uasset" 60
"/Users/airat/Documents/Unreal Projects/InsertGameName/Content/LevelPrototyping/Meshes/SM_Ramp.uexp" 61
"/Users/airat/Documents/Unreal Projects/InsertGameName/Content/LevelPrototyping/Meshes/SM_Ramp.ubulk" 62
"/Users/airat/Documents/Unreal Projects/InsertGameName/Content/LevelPrototyping/Materials/MI_PrototypeGrid_TopDark.uexp" 63
"/Users/airat/Documents/Unreal Projects/InsertGameName/Content/LevelPrototyping/Materials/MI_PrototypeGrid_TopDark.uasset" 64
"../../../Engine/Content/Animation/DefaultAnimCurveCompressionSettings.uasset" 65
"../../../Engine/Content/Animation/DefaultAnimCurveCompressionSettings.uexp" 66
"../../../Engine/Content/Animation/DefaultAnimBoneCompressionSettings.uasset" 67
"../../../Engine/Content/Animation/DefaultAnimBoneCompressionSettings.uexp" 68
"/Users/airat/Documents/Unreal Projects/InsertGameName/Content/FirstPersonArms/Character/Mesh/SK_Mannequin_Arms_Skeleton.uasset" 69
"/Users/airat/Documents/Unreal Projects/InsertGameName/Content/FirstPersonArms/Character/Mesh/SK_Mannequin_Arms_Skeleton.uexp" 70
"/Users/airat/Documents/Unreal Projects/InsertGameName/Content/FirstPersonArms/Animations/FirstPerson_Fire.uasset" 71
"/Users/airat/Documents/Unreal Projects/InsertGameName/Content/FirstPersonArms/Animations/FirstPerson_Fire.uexp" 72
"/Users/airat/Documents/Unreal Projects/InsertGameName/Content/FirstPersonArms/Animations/FirstPersonFire_Montage.uasset" 73
"/Users/airat/Documents/Unreal Projects/InsertGameName/Content/FirstPersonArms/Animations/FirstPersonFire_Montage.uexp" 74
"/Users/airat/Documents/Unreal Projects/InsertGameName/Content/FPWeapon/Mesh/SK_FPGun_Skeleton.uasset" 75
"/Users/airat/Documents/Unreal Projects/InsertGameName/Content/FPWeapon/Mesh/SK_FPGun_Skeleton.uexp" 76
"/Users/airat/Documents/Unreal Projects/InsertGameName/Content/FPWeapon/Materials/MaterialLayers/T_ML_Rubber_Blue_01_D.uexp" 77
"/Users/airat/Documents/Unreal Projects/InsertGameName/Content/FPWeapon/Materials/MaterialLayers/T_ML_Rubber_Blue_01_D.uasset" 78
"/Users/airat/Documents/Unreal Projects/InsertGameName/Content/FPWeapon/Materials/MaterialLayers/T_ML_Rubber_Blue_01_D.ubulk" 79
"/Users/airat/Documents/Unreal Projects/InsertGameName/Content/FPWeapon/Textures/T_FPGun_N.ubulk" 80
"/Users/airat/Documents/Unreal Projects/InsertGameName/Content/FPWeapon/Textures/T_FPGun_N.uexp" 81
"/Users/airat/Documents/Unreal Projects/InsertGameName/Content/FPWeapon/Textures/T_FPGun_N.uasset" 82
"../../../Engine/Content/Functions/Engine_MaterialFunctions02/Utility/BlendAngleCorrectedNormals.uasset" 83
"../../../Engine/Content/Functions/Engine_MaterialFunctions02/Utility/BlendAngleCorrectedNormals.uexp" 84
"../../../Engine/Content/Functions/MaterialLayerFunctions/MatLayerBlend_NormalBlend.uexp" 85
"../../../Engine/Content/Functions/MaterialLayerFunctions/MatLayerBlend_NormalBlend.uasset" 86
"/Users/airat/Documents/Unreal Projects/InsertGameName/Content/FPWeapon/Materials/MaterialLayers/T_ML_Rubber_Blue_01_N.ubulk" 87
"/Users/airat/Documents/Unreal Projects/InsertGameName/Content/FPWeapon/Materials/MaterialLayers/T_ML_Rubber_Blue_01_N.uasset" 88
"/Users/airat/Documents/Unreal Projects/InsertGameName/Content/FPWeapon/Materials/MaterialLayers/T_ML_Rubber_Blue_01_N.uexp" 89
"/Users/airat/Documents/Unreal Projects/InsertGameName/Content/FPWeapon/Materials/MaterialLayers/ML_Screen.uasset" 90
"/Users/airat/Documents/Unreal Projects/InsertGameName/Content/FPWeapon/Materials/MaterialLayers/ML_Screen.uexp" 91
"/Users/airat/Documents/Unreal Projects/InsertGameName/Content/FPWeapon/Materials/MaterialLayers/T_ML_Aluminum01_N.ubulk" 92
"/Users/airat/Documents/Unreal Projects/InsertGameName/Content/FPWeapon/Materials/MaterialLayers/T_ML_Aluminum01_N.uasset" 93
"/Users/airat/Documents/Unreal Projects/InsertGameName/Content/FPWeapon/Materials/MaterialLayers/T_ML_Aluminum01_N.uexp" 94
"/Users/airat/Documents/Unreal Projects/InsertGameName/Content/FPWeapon/Materials/MaterialLayers/T_ML_Aluminum01.uasset" 95
"/Users/airat/Documents/Unreal Projects/InsertGameName/Content/FPWeapon/Materials/MaterialLayers/T_ML_Aluminum01.ubulk" 96
"/Users/airat/Documents/Unreal Projects/InsertGameName/Content/FPWeapon/Materials/MaterialLayers/T_ML_Aluminum01.uexp" 97
"/Users/airat/Documents/Unreal Projects/InsertGameName/Content/FPWeapon/Materials/MaterialLayers/ML_SoftMetal_UE4.uexp" 98
"/Users/airat/Documents/Unreal Projects/InsertGameName/Content/FPWeapon/Materials/MaterialLayers/ML_SoftMetal_UE4.uasset" 99
"../../../Engine/Content/Functions/MaterialLayerFunctions/MatLayerBlend_Simple.uasset" 100
"../../../Engine/Content/Functions/MaterialLayerFunctions/MatLayerBlend_Simple.uexp" 101
"/Users/airat/Documents/Unreal Projects/InsertGameName/Content/FPWeapon/Textures/T_FPGun_M.uasset" 102
"/Users/airat/Documents/Unreal Projects/InsertGameName/Content/FPWeapon/Textures/T_FPGun_M.ubulk" 103
"/Users/airat/Documents/Unreal Projects/InsertGameName/Content/FPWeapon/Textures/T_FPGun_M.uexp" 104
"/Users/airat/Documents/Unreal Projects/InsertGameName/Content/FPWeapon/Materials/MaterialLayers/ML_Plastic_Shiny_Beige.uexp" 105
"/Users/airat/Documents/Unreal Projects/InsertGameName/Content/FPWeapon/Materials/MaterialLayers/ML_Plastic_Shiny_Beige.uasset" 106
"/Users/airat/Documents/Unreal Projects/InsertGameName/Content/FPWeapon/Materials/MaterialLayers/ML_GlossyBlack_Latex_UE4.uexp" 107
"/Users/airat/Documents/Unreal Projects/InsertGameName/Content/FPWeapon/Materials/MaterialLayers/ML_GlossyBlack_Latex_UE4.uasset" 108
"/Users/airat/Documents/Unreal Projects/InsertGameName/Content/FPWeapon/Materials/M_FPGun.uasset" 109
"/Users/airat/Documents/Unreal Projects/InsertGameName/Content/FPWeapon/Materials/M_FPGun.uexp" 110
"/Users/airat/Documents/Unreal Projects/InsertGameName/Content/FPWeapon/Mesh/SK_FPGun_Physics.uasset" 111
"/Users/airat/Documents/Unreal Projects/InsertGameName/Content/FPWeapon/Mesh/SK_FPGun_Physics.uexp" 112
"/Users/airat/Documents/Unreal Projects/InsertGameName/Content/FPWeapon/Mesh/SK_FPGun.uasset" 113
"/Users/airat/Documents/Unreal Projects/InsertGameName/Content/FPWeapon/Mesh/SK_FPGun.uexp" 114
"/Users/airat/Documents/Unreal Projects/InsertGameName/Content/FPWeapon/Audio/FirstPersonTemplateWeaponFire02.uexp" 115
"/Users/airat/Documents/Unreal Projects/InsertGameName/Content/FPWeapon/Audio/FirstPersonTemplateWeaponFire02.ubulk" 116
"/Users/airat/Documents/Unreal Projects/InsertGameName/Content/FPWeapon/Audio/FirstPersonTemplateWeaponFire02.uasset" 117
"/Users/airat/Documents/Unreal Projects/InsertGameName/Content/FirstPerson/AssetsData/Weapon/BasicWeapon.uexp" 118
"/Users/airat/Documents/Unreal Projects/InsertGameName/Content/FirstPerson/AssetsData/Weapon/BasicWeapon.uasset" 119
"/Users/airat/Documents/Unreal Projects/InsertGameName/Content/FPWeapon/Materials/BaseMaterial.uasset" 120
"/Users/airat/Documents/Unreal Projects/InsertGameName/Content/FPWeapon/Materials/BaseMaterial.uexp" 121
"/Users/airat/Documents/Unreal Projects/InsertGameName/Content/FPWeapon/Materials/FirstPersonProjectileMaterial.uasset" 122
"/Users/airat/Documents/Unreal Projects/InsertGameName/Content/FPWeapon/Materials/FirstPersonProjectileMaterial.uexp" 123
"/Users/airat/Documents/Unreal Projects/InsertGameName/Content/FPWeapon/Mesh/FirstPersonProjectileMesh.ubulk" 124
"/Users/airat/Documents/Unreal Projects/InsertGameName/Content/FPWeapon/Mesh/FirstPersonProjectileMesh.uexp" 125
"/Users/airat/Documents/Unreal Projects/InsertGameName/Content/FPWeapon/Mesh/FirstPersonProjectileMesh.uasset" 126
"/Users/airat/Documents/Unreal Projects/InsertGameName/Content/FirstPerson/AssetsData/Projectile/MainWeaponProjectile.uasset" 127
"/Users/airat/Documents/Unreal Projects/InsertGameName/Content/FirstPerson/AssetsData/Projectile/MainWeaponProjectile.uexp" 128
"/Users/airat/Documents/Unreal Projects/InsertGameName/Content/FirstPerson/Blueprints/MainWeaponProjectile.uasset" 129
"/Users/airat/Documents/Unreal Projects/InsertGameName/Content/FirstPerson/Blueprints/MainWeaponProjectile.uexp" 130
"/Users/airat/Documents/Unreal Projects/InsertGameName/Content/FirstPerson/AssetsData/Weapon/ProjectileDataAsset.uasset" 131
"/Users/airat/Documents/Unreal Projects/InsertGameName/Content/FirstPerson/AssetsData/Weapon/ProjectileDataAsset.uexp" 132
"/Users/airat/Documents/Unreal Projects/InsertGameName/Content/FirstPerson/Blueprints/BP_Scanhit_Rifle.uexp" 133
"/Users/airat/Documents/Unreal Projects/InsertGameName/Content/FirstPerson/Blueprints/BP_Scanhit_Rifle.uasset" 134
"/Users/airat/Documents/Unreal Projects/InsertGameName/Content/FirstPerson/Blueprints/BP_Projectile_Rifle.uasset" 135
"/Users/airat/Documents/Unreal Projects/InsertGameName/Content/FirstPerson/Blueprints/BP_Projectile_Rifle.uexp" 136
"/Users/airat/Documents/Unreal Projects/InsertGameName/Content/FPWeapon/Textures/ARCHERY_Target_DIFF.uexp" 137
"/Users/airat/Documents/Unreal Projects/InsertGameName/Content/FPWeapon/Textures/ARCHERY_Target_DIFF.uasset" 138
"/Users/airat/Documents/Unreal Projects/InsertGameName/Content/FPWeapon/Mesh/Target_Picture.uasset" 139
"/Users/airat/Documents/Unreal Projects/InsertGameName/Content/FPWeapon/Mesh/Target_Picture.uexp" 140
"/Users/airat/Documents/Unreal Projects/InsertGameName/Content/FPWeapon/Textures/ARCHERY_Target_Wood_DIFF.ubulk" 141
"/Users/airat/Documents/Unreal Projects/InsertGameName/Content/FPWeapon/Textures/ARCHERY_Target_Wood_DIFF.uexp" 142
"/Users/airat/Documents/Unreal Projects/InsertGameName/Content/FPWeapon/Textures/ARCHERY_Target_Wood_DIFF.uasset" 143
"/Users/airat/Documents/Unreal Projects/InsertGameName/Content/FPWeapon/Textures/ARCHERY_Target_DISP.uexp" 144
"/Users/airat/Documents/Unreal Projects/InsertGameName/Content/FPWeapon/Textures/ARCHERY_Target_DISP.uasset" 145
"/Users/airat/Documents/Unreal Projects/InsertGameName/Content/FPWeapon/Textures/ARCHERY_Target_NORM.uasset" 146
"/Users/airat/Documents/Unreal Projects/InsertGameName/Content/FPWeapon/Textures/ARCHERY_Target_NORM.uexp" 147
"/Users/airat/Documents/Unreal Projects/InsertGameName/Content/FPWeapon/Mesh/Target_Wood.uasset" 148
"/Users/airat/Documents/Unreal Projects/InsertGameName/Content/FPWeapon/Mesh/Target_Wood.uexp" 149
"/Users/airat/Documents/Unreal Projects/InsertGameName/Content/FPWeapon/Mesh/ARCHERY_Target_MESH_ARCHERY_Target.uasset" 150
"/Users/airat/Documents/Unreal Projects/InsertGameName/Content/FPWeapon/Mesh/ARCHERY_Target_MESH_ARCHERY_Target.ubulk" 151
"/Users/airat/Documents/Unreal Projects/InsertGameName/Content/FPWeapon/Mesh/ARCHERY_Target_MESH_ARCHERY_Target.uexp" 152
"/Users/airat/Documents/Unreal Projects/InsertGameName/Content/FirstPerson/AssetsData/Target/TargetDataAsset.uexp" 153
"/Users/airat/Documents/Unreal Projects/InsertGameName/Content/FirstPerson/AssetsData/Target/TargetDataAsset.uasset" 154
"/Users/airat/Documents/Unreal Projects/InsertGameName/Content/FirstPerson/Blueprints/MainTarget.uexp" 155
"/Users/airat/Documents/Unreal Projects/InsertGameName/Content/FirstPerson/Blueprints/MainTarget.uasset" 156
"/Users/airat/Documents/Unreal Projects/InsertGameName/Content/FirstPersonArms/Character/Materials/MaterialLayers/T_ML_Rubber_Blue_01_N.ubulk" 157
"/Users/airat/Documents/Unreal Projects/InsertGameName/Content/FirstPersonArms/Character/Materials/MaterialLayers/T_ML_Rubber_Blue_01_N.uasset" 158
"/Users/airat/Documents/Unreal Projects/InsertGameName/Content/FirstPersonArms/Character/Materials/MaterialLayers/T_ML_Rubber_Blue_01_N.uexp" 159
"/Users/airat/Documents/Unreal Projects/InsertGameName/Content/FirstPersonArms/Character/Materials/MaterialLayers/T_ML_Rubber_Blue_01_D.uexp" 160
"/Users/airat/Documents/Unreal Projects/InsertGameName/Content/FirstPersonArms/Character/Materials/MaterialLayers/T_ML_Rubber_Blue_01_D.uasset" 161
"/Users/airat/Documents/Unreal Projects/InsertGameName/Content/FirstPersonArms/Character/Materials/MaterialLayers/T_ML_Rubber_Blue_01_D.ubulk" 162
"/Users/airat/Documents/Unreal Projects/InsertGameName/Content/FirstPersonArms/Character/Materials/MaterialLayers/ML_GlossyBlack_Latex_UE4.uexp" 163
"/Users/airat/Documents/Unreal Projects/InsertGameName/Content/FirstPersonArms/Character/Materials/MaterialLayers/ML_GlossyBlack_Latex_UE4.uasset" 164
"/Users/airat/Documents/Unreal Projects/InsertGameName/Content/FirstPersonArms/Character/Textures/UE4_Mannequin_MAT_MASKA.uasset" 165
"/Users/airat/Documents/Unreal Projects/InsertGameName/Content/FirstPersonArms/Character/Textures/UE4_Mannequin_MAT_MASKA.uexp" 166
"/Users/airat/Documents/Unreal Projects/InsertGameName/Content/FirstPersonArms/Character/Textures/UE4_Mannequin_MAT_MASKA.ubulk" 167
"/Users/airat/Documents/Unreal Projects/InsertGameName/Content/FirstPersonArms/Character/Textures/UE4_LOGO_CARD.uexp" 168
"/Users/airat/Documents/Unreal Projects/InsertGameName/Content/FirstPersonArms/Character/Textures/UE4_LOGO_CARD.uasset" 169
"/Users/airat/Documents/Unreal Projects/InsertGameName/Content/FirstPersonArms/Character/Textures/UE4_LOGO_CARD.ubulk" 170
"/Users/airat/Documents/Unreal Projects/InsertGameName/Content/FirstPersonArms/Character/Materials/MaterialLayers/ML_Plastic_Shiny_Beige_LOGO.uexp" 171
"/Users/airat/Documents/Unreal Projects/InsertGameName/Content/FirstPersonArms/Character/Materials/MaterialLayers/ML_Plastic_Shiny_Beige_LOGO.uasset" 172
"/Users/airat/Documents/Unreal Projects/InsertGameName/Content/FirstPersonArms/Character/Materials/MaterialLayers/T_ML_Aluminum01.uasset" 173
"/Users/airat/Documents/Unreal Projects/InsertGameName/Content/FirstPersonArms/Character/Materials/MaterialLayers/T_ML_Aluminum01.ubulk" 174
"/Users/airat/Documents/Unreal Projects/InsertGameName/Content/FirstPersonArms/Character/Materials/MaterialLayers/T_ML_Aluminum01.uexp" 175
"/Users/airat/Documents/Unreal Projects/InsertGameName/Content/FirstPersonArms/Character/Materials/MaterialLayers/T_ML_Aluminum01_N.ubulk" 176
"/Users/airat/Documents/Unreal Projects/InsertGameName/Content/FirstPersonArms/Character/Materials/MaterialLayers/T_ML_Aluminum01_N.uasset" 177
"/Users/airat/Documents/Unreal Projects/InsertGameName/Content/FirstPersonArms/Character/Materials/MaterialLayers/T_ML_Aluminum01_N.uexp" 178
"/Users/airat/Documents/Unreal Projects/InsertGameName/Content/FirstPersonArms/Character/Materials/MaterialLayers/ML_SoftMetal_UE4.uexp" 179
"/Users/airat/Documents/Unreal Projects/InsertGameName/Content/FirstPersonArms/Character/Materials/MaterialLayers/ML_SoftMetal_UE4.uasset" 180
"/Users/airat/Documents/Unreal Projects/InsertGameName/Content/FirstPersonArms/Character/Materials/MaterialLayers/ML_Plastic_Shiny_Beige.uexp" 181
"/Users/airat/Documents/Unreal Projects/InsertGameName/Content/FirstPersonArms/Character/Materials/MaterialLayers/ML_Plastic_Shiny_Beige.uasset" 182
"/Users/airat/Documents/Unreal Projects/InsertGameName/Content/FirstPersonArms/Character/Textures/UE4_Mannequin__normals.ubulk" 183
"/Users/airat/Documents/Unreal Projects/InsertGameName/Content/FirstPersonArms/Character/Textures/UE4_Mannequin__normals.uasset" 184
"/Users/airat/Documents/Unreal Projects/InsertGameName/Content/FirstPersonArms/Character/Textures/UE4_Mannequin__normals.uexp" 185
"/Users/airat/Documents/Unreal Projects/InsertGameName/Content/FirstPersonArms/Character/Materials/M_UE4Man_Body.uasset" 186
"/Users/airat/Documents/Unreal Projects/InsertGameName/Content/FirstPersonArms/Character/Materials/M_UE4Man_Body.uexp" 187
"/Users/airat/Documents/Unreal Projects/InsertGameName/Content/FirstPersonArms/Character/Mesh/SK_Mannequin_Arms_PhysicsAsset.uasset" 188
"/Users/airat/Documents/Unreal Projects/InsertGameName/Content/FirstPersonArms/Character/Mesh/SK_Mannequin_Arms_PhysicsAsset.uexp" 189
"/Users/airat/Documents/Unreal Projects/InsertGameName/Content/FirstPersonArms/Character/Mesh/SK_Mannequin_Arms.uexp" 190
"/Users/airat/Documents/Unreal Projects/InsertGameName/Content/FirstPersonArms/Character/Mesh/SK_Mannequin_Arms.uasset" 191
"/Users/airat/Documents/Unreal Projects/InsertGameName/Content/FirstPersonArms/Animations/FirstPerson_JumpLoop.uexp" 192
"/Users/airat/Documents/Unreal Projects/InsertGameName/Content/FirstPersonArms/Animations/FirstPerson_JumpLoop.uasset" 193
"/Users/airat/Documents/Unreal Projects/InsertGameName/Content/FirstPersonArms/Animations/FirstPerson_Run.uasset" 194
"/Users/airat/Documents/Unreal Projects/InsertGameName/Content/FirstPersonArms/Animations/FirstPerson_Run.uexp" 195
"/Users/airat/Documents/Unreal Projects/InsertGameName/Content/FirstPersonArms/Animations/FirstPerson_JumpEnd.uasset" 196
"/Users/airat/Documents/Unreal Projects/InsertGameName/Content/FirstPersonArms/Animations/FirstPerson_JumpEnd.uexp" 197
"/Users/airat/Documents/Unreal Projects/InsertGameName/Content/FirstPersonArms/Animations/FirstPerson_Idle.uexp" 198
"/Users/airat/Documents/Unreal Projects/InsertGameName/Content/FirstPersonArms/Animations/FirstPerson_Idle.uasset" 199
"/Users/airat/Documents/Unreal Projects/InsertGameName/Content/FirstPersonArms/Animations/FirstPerson_JumpStart.uasset" 200
"/Users/airat/Documents/Unreal Projects/InsertGameName/Content/FirstPersonArms/Animations/FirstPerson_JumpStart.uexp" 201
"../../../Engine/Content/EditorBlueprintResources/StandardMacros.uasset" 202
"../../../Engine/Content/EditorBlueprintResources/StandardMacros.uexp" 203
"/Users/airat/Documents/Unreal Projects/InsertGameName/Content/FirstPersonArms/Animations/FirstPerson_AnimBP.uasset" 204
"/Users/airat/Documents/Unreal Projects/InsertGameName/Content/FirstPersonArms/Animations/FirstPerson_AnimBP.uexp" 205
"/Users/airat/Documents/Unreal Projects/InsertGameName/Content/FirstPerson/Blueprints/BP_FirstPersonCharacter.uasset" 206
"/Users/airat/Documents/Unreal Projects/InsertGameName/Content/FirstPerson/Blueprints/BP_FirstPersonCharacter.uexp" 207
"../../../Engine/Content/EditorLandscapeResources/DefaultAlphaTexture.uexp" 208
"../../../Engine/Content/EditorLandscapeResources/DefaultAlphaTexture.uasset" 209
"../../../Engine/Content/EditorLandscapeResources/DataLayer.uasset" 210
"../../../Engine/Content/EditorLandscapeResources/DataLayer.uexp" 211
"../../../Engine/Content/EditorMaterials/MAT_Groups_Visibility.uasset" 212
"../../../Engine/Content/EditorMaterials/MAT_Groups_Visibility.uexp" 213
"../../../Engine/Content/EditorMaterials/MAT_Groups_Toggle.uexp" 214
"../../../Engine/Content/EditorMaterials/MAT_Groups_Toggle.uasset" 215
"../../../Engine/Content/EditorMaterials/PreviewShadowIndicator.uasset" 216
"../../../Engine/Content/EditorMaterials/PreviewShadowIndicator.uexp" 217
"../../../Engine/Content/EditorMaterials/PreviewShadowIndicator.ubulk" 218
"../../../Engine/Content/EditorMaterials/PreviewShadowIndicatorMaterial.uasset" 219
"../../../Engine/Content/EditorMaterials/PreviewShadowIndicatorMaterial.uexp" 220
"../../../Engine/Content/EditorMaterials/MatineeGroups/MAT_Groups_Slomo.uexp" 221
"../../../Engine/Content/EditorMaterials/MatineeGroups/MAT_Groups_Slomo.uasset" 222
"../../../Engine/Content/EditorMaterials/MatineeGroups/MAT_Groups_Anim.uexp" 223
"../../../Engine/Content/EditorMaterials/MatineeGroups/MAT_Groups_Anim.uasset" 224
"../../../Engine/Content/EditorMaterials/MatineeGroups/MAT_Groups_Fade.uexp" 225
"../../../Engine/Content/EditorMaterials/MatineeGroups/MAT_Groups_Fade.uasset" 226
"../../../Engine/Content/EditorMaterials/MatineeGroups/MAT_Groups_Event.uexp" 227
"../../../Engine/Content/EditorMaterials/MatineeGroups/MAT_Groups_Event.uasset" 228
"../../../Engine/Content/EditorMaterials/MatineeGroups/MAT_Groups_Move.uasset" 229
"../../../Engine/Content/EditorMaterials/MatineeGroups/MAT_Groups_Move.uexp" 230
"../../../Engine/Content/EditorMaterials/MatineeGroups/MAT_Groups_Director.uasset" 231
"../../../Engine/Content/EditorMaterials/MatineeGroups/MAT_Groups_Director.uexp" 232
"../../../Engine/Content/EditorMaterials/MatineeGroups/MAT_Groups_Float.uasset" 233
"../../../Engine/Content/EditorMaterials/MatineeGroups/MAT_Groups_Float.uexp" 234
"../../../Engine/Content/EditorMaterials/MatineeGroups/MAT_Groups_Sound.uasset" 235
"../../../Engine/Content/EditorMaterials/MatineeGroups/MAT_Groups_Sound.uexp" 236
"../../../Engine/Content/EditorMaterials/MatineeGroups/MAT_Groups_AudioMaster.uasset" 237
"../../../Engine/Content/EditorMaterials/MatineeGroups/MAT_Groups_AudioMaster.uexp" 238
"../../../Engine/Content/EditorMaterials/MatineeGroups/MAT_ColorTrack.uasset" 239
"../../../Engine/Content/EditorMaterials/MatineeGroups/MAT_ColorTrack.uexp" 240
"../../../Engine/Content/EditorMaterials/MatineeGroups/MAT_Groups_Vector.uasset" 241
"../../../Engine/Content/EditorMaterials/MatineeGroups/MAT_Groups_Vector.uexp" 242
"../../../Engine/Content/EditorMaterials/ParticleSystems/PSysThumbnail_OOD.ubulk" 243
"../../../Engine/Content/EditorMaterials/ParticleSystems/PSysThumbnail_OOD.uexp" 244
"../../../Engine/Content/EditorMaterials/ParticleSystems/PSysThumbnail_OOD.uasset" 245
"../../../Engine/Content/EditorMaterials/ParticleSystems/PSysThumbnail_NoImage.ubulk" 246
"../../../Engine/Content/EditorMaterials/ParticleSystems/PSysThumbnail_NoImage.uexp" 247
"../../../Engine/Content/EditorMaterials/ParticleSystems/PSysThumbnail_NoImage.uasset" 248
"../../../Engine/Content/Functions/Engine_MaterialFunctions02/Utility/MakeFloat4.uexp" 249
"../../../Engine/Content/Functions/Engine_MaterialFunctions02/Utility/MakeFloat4.uasset" 250
"../../../Engine/Content/EditorMaterials/WorldPartition/WorldPartitionSpatialHashGridPreviewMaterial.uexp" 251
"../../../Engine/Content/EditorMaterials/WorldPartition/WorldPartitionSpatialHashGridPreviewMaterial.uasset" 252
"../../../Engine/Content/EditorMaterials/Camera/CineMat.uasset" 253
"../../../Engine/Content/EditorMaterials/Camera/CineMat.uexp" 254
"../../../Engine/Content/EditorMaterials/Camera/MI_CineMat_Rig.uasset" 255
"../../../Engine/Content/EditorMaterials/Camera/MI_CineMat_Rig.uexp" 256
"../../../Engine/Content/EditorMeshes/Camera/SM_RailRig_Track.uexp" 257
"../../../Engine/Content/EditorMeshes/Camera/SM_RailRig_Track.ubulk" 258
"../../../Engine/Content/EditorMeshes/Camera/SM_RailRig_Track.uasset" 259
"../../../Engine/Content/EditorMeshes/Camera/SM_CraneRig_Arm.ubulk" 260
"../../../Engine/Content/EditorMeshes/Camera/SM_CraneRig_Arm.uexp" 261
"../../../Engine/Content/EditorMeshes/Camera/SM_CraneRig_Arm.uasset" 262
"../../../Engine/Content/EditorMeshes/Camera/SM_CraneRig_Mount.uexp" 263
"../../../Engine/Content/EditorMeshes/Camera/SM_CraneRig_Mount.ubulk" 264
"../../../Engine/Content/EditorMeshes/Camera/SM_CraneRig_Mount.uasset" 265
"../../../Engine/Content/EditorMeshes/Camera/SM_CraneRig_Base.ubulk" 266
"../../../Engine/Content/EditorMeshes/Camera/SM_CraneRig_Base.uexp" 267
"../../../Engine/Content/EditorMeshes/Camera/SM_CraneRig_Base.uasset" 268
"../../../Engine/Content/EditorMeshes/Camera/SM_RailRig_Mount.ubulk" 269
"../../../Engine/Content/EditorMeshes/Camera/SM_RailRig_Mount.uexp" 270
"../../../Engine/Content/EditorMeshes/Camera/SM_RailRig_Mount.uasset" 271
"../../../Engine/Content/EditorMeshes/Camera/SM_CraneRig_Body.ubulk" 272
"../../../Engine/Content/EditorMeshes/Camera/SM_CraneRig_Body.uasset" 273
"../../../Engine/Content/EditorMeshes/Camera/SM_CraneRig_Body.uexp" 274
"../../../Engine/Content/EditorResources/BSPVertex.uexp" 275
"../../../Engine/Content/EditorResources/BSPVertex.uasset" 276
"../../../Engine/Content/EditorResources/EmptyActor.uexp" 277
"../../../Engine/Content/EditorResources/EmptyActor.uasset" 278
"../../../Engine/Content/EditorResources/S_Actor.uexp" 279
"../../../Engine/Content/EditorResources/S_Actor.ubulk" 280
"../../../Engine/Content/EditorResources/S_Actor.uasset" 281
"../../../Engine/Content/EditorResources/S_Trigger.uexp" 282
"../../../Engine/Content/EditorResources/S_Trigger.ubulk" 283
"../../../Engine/Content/EditorResources/S_Trigger.uasset" 284
"../../../Engine/Content/EditorResources/S_Terrain.uasset" 285
"../../../Engine/Content/EditorResources/S_Terrain.uexp" 286
"../../../Engine/Content/EditorResources/S_Terrain.ubulk" 287
"../../../Engine/Content/EditorResources/S_Solver.uasset" 288
"../../../Engine/Content/EditorResources/S_Solver.uexp" 289
"../../../Engine/Content/EditorResources/S_Solver.ubulk" 290
"../../../Engine/Content/EditorResources/S_TriggerCapsule.uexp" 291
"../../../Engine/Content/EditorResources/S_TriggerCapsule.uasset" 292
"../../../Engine/Content/EditorResources/S_BoxReflectionCapture.uasset" 293
"../../../Engine/Content/EditorResources/S_BoxReflectionCapture.uexp" 294
"../../../Engine/Content/EditorResources/S_TriggerBox.uexp" 295
"../../../Engine/Content/EditorResources/S_TriggerBox.uasset" 296
"../../../Engine/Content/EditorResources/S_TriggerSphere.uasset" 297
"../../../Engine/Content/EditorResources/S_TriggerSphere.uexp" 298
"../../../Engine/Content/EditorResources/SequenceRecorder/RecordingIndicator.uexp" 299
"../../../Engine/Content/EditorResources/SequenceRecorder/RecordingIndicator.uasset" 300
"../../../Engine/Content/EditorResources/SequenceRecorder/Countdown.uasset" 301
"../../../Engine/Content/EditorResources/SequenceRecorder/Countdown.uexp" 302
"../../../Engine/Content/EngineDamageTypes/DmgTypeBP_Environmental.uasset" 303
"../../../Engine/Content/EngineDamageTypes/DmgTypeBP_Environmental.uexp" 304
"../../../Engine/Content/EngineDebugMaterials/DebugMeshMaterial.uexp" 305
"../../../Engine/Content/EngineDebugMaterials/DebugMeshMaterial.uasset" 306
"../../../Engine/Content/EngineDebugMaterials/M_SimpleUnlitTranslucent.uexp" 307
"../../../Engine/Content/EngineDebugMaterials/M_SimpleUnlitTranslucent.uasset" 308
"../../../Engine/Content/Functions/Engine_MaterialFunctions02/Utility/CameraDirectionVector.uexp" 309
"../../../Engine/Content/Functions/Engine_MaterialFunctions02/Utility/CameraDirectionVector.uasset" 310
"../../../Engine/Content/EngineDebugMaterials/VolumeToRender.uexp" 311
"../../../Engine/Content/EngineDebugMaterials/VolumeToRender.uasset" 312
"../../../Engine/Content/EngineDebugMaterials/M_VolumeRenderSphereTracePP.uexp" 313
"../../../Engine/Content/EngineDebugMaterials/M_VolumeRenderSphereTracePP.uasset" 314
"../../../Engine/Content/EngineDebugMaterials/DebugEditorMaterial.uasset" 315
"../../../Engine/Content/EngineDebugMaterials/DebugEditorMaterial.uexp" 316
"../../../Engine/Content/EngineFonts/Faces/RobotoLight.ufont" 317
"../../../Engine/Content/EngineFonts/Faces/RobotoLight.uasset" 318
"../../../Engine/Content/EngineFonts/Faces/RobotoLight.uexp" 319
"../../../Engine/Content/EngineFonts/Faces/RobotoBold.ufont" 320
"../../../Engine/Content/EngineFonts/Faces/RobotoBold.uasset" 321
"../../../Engine/Content/EngineFonts/Faces/RobotoBold.uexp" 322
"../../../Engine/Content/EngineFonts/Faces/RobotoRegular.uasset" 323
"../../../Engine/Content/EngineFonts/Faces/RobotoRegular.uexp" 324
"../../../Engine/Content/EngineFonts/Faces/RobotoRegular.ufont" 325
"../../../Engine/Content/EngineFonts/Faces/DroidSansFallback.uasset" 326
"../../../Engine/Content/EngineFonts/Faces/DroidSansFallback.ufont" 327
"../../../Engine/Content/EngineFonts/Faces/DroidSansFallback.uexp" 328
"../../../Engine/Content/EngineFonts/Faces/RobotoItalic.ufont" 329
"../../../Engine/Content/EngineFonts/Faces/RobotoItalic.uasset" 330
"../../../Engine/Content/EngineFonts/Faces/RobotoItalic.uexp" 331
"../../../Engine/Content/EngineFonts/Faces/RobotoBoldItalic.uasset" 332
"../../../Engine/Content/EngineFonts/Faces/RobotoBoldItalic.uexp" 333
"../../../Engine/Content/EngineFonts/Faces/RobotoBoldItalic.ufont" 334
"../../../Engine/Content/EngineFonts/Roboto.uasset" 335
"../../../Engine/Content/EngineFonts/Roboto.uexp" 336
"../../../Engine/Content/EngineMaterials/DefaultWhiteGrid.ubulk" 337
"../../../Engine/Content/EngineMaterials/DefaultWhiteGrid.uexp" 338
"../../../Engine/Content/EngineMaterials/DefaultWhiteGrid.uasset" 339
"../../../Engine/Content/EngineMaterials/MiniFont.uexp" 340
"../../../Engine/Content/EngineMaterials/MiniFont.uasset" 341
"../../../Engine/Content/EngineMaterials/DefaultLightFunctionMaterial.uasset" 342
"../../../Engine/Content/EngineMaterials/DefaultLightFunctionMaterial.uexp" 343
"../../../Engine/Content/EngineMaterials/DefaultBokeh.uexp" 344
"../../../Engine/Content/EngineMaterials/DefaultBokeh.uasset" 345
"../../../Engine/Content/EngineResources/WhiteSquareTexture.uexp" 346
"../../../Engine/Content/EngineResources/WhiteSquareTexture.uasset" 347
"../../../Engine/Content/EngineMaterials/Widget3DPassThrough.uexp" 348
"../../../Engine/Content/EngineMaterials/Widget3DPassThrough.uasset" 349
"../../../Engine/Content/EngineMaterials/Widget3DPassThrough_Opaque.uasset" 350
"../../../Engine/Content/EngineMaterials/Widget3DPassThrough_Opaque.uexp" 351
"../../../Engine/Content/EngineMaterials/Widget3DPassThrough_Opaque_OneSided.uasset" 352
"../../../Engine/Content/EngineMaterials/Widget3DPassThrough_Opaque_OneSided.uexp" 353
"../../../Engine/Content/EngineMaterials/PreintegratedSkinBRDF.uexp" 354
"../../../Engine/Content/EngineMaterials/PreintegratedSkinBRDF.uasset" 355
"../../../Engine/Content/EngineFonts/RobotoDistanceField.uexp" 356
"../../../Engine/Content/EngineFonts/RobotoDistanceField.uasset" 357
"../../../Engine/Content/EngineMaterials/DefaultTextMaterialOpaque.uexp" 358
"../../../Engine/Content/EngineMaterials/DefaultTextMaterialOpaque.uasset" 359
"../../../Engine/Content/EngineMaterials/InvalidLightmapSettings.ubulk" 360
"../../../Engine/Content/EngineMaterials/InvalidLightmapSettings.uasset" 361
"../../../Engine/Content/EngineMaterials/InvalidLightmapSettings.uexp" 362
"../../../Engine/Content/EngineMaterials/M_InvalidLightmapSettings.uexp" 363
"../../../Engine/Content/EngineMaterials/M_InvalidLightmapSettings.uasset" 364
"../../../Engine/Content/EngineMaterials/BaseFlattenEmissiveMap_VT.uexp" 365
"../../../Engine/Content/EngineMaterials/BaseFlattenEmissiveMap_VT.uasset" 366
"../../../Engine/Content/EngineMaterials/BaseFlattenGrayscaleMap_VT.uexp" 367
"../../../Engine/Content/EngineMaterials/BaseFlattenGrayscaleMap_VT.uasset" 368
"../../../Engine/Content/EngineMaterials/BaseFlattenLinearColor_VT.uasset" 369
"../../../Engine/Content/EngineMaterials/BaseFlattenLinearColor_VT.uexp" 370
"../../../Engine/Content/EngineMaterials/Black_1x1_EXR_Texture_VT.uasset" 371
"../../../Engine/Content/EngineMaterials/Black_1x1_EXR_Texture_VT.uexp" 372
"../../../Engine/Content/EngineMaterials/BaseFlattenDiffuseMap_VT.uasset" 373
"../../../Engine/Content/EngineMaterials/BaseFlattenDiffuseMap_VT.uexp" 374
"../../../Engine/Content/EngineMaterials/BaseFlattenNormalMap_VT.uasset" 375
"../../../Engine/Content/EngineMaterials/BaseFlattenNormalMap_VT.uexp" 376
"../../../Engine/Content/EngineMaterials/FlattenMaterial_VT.uasset" 377
"../../../Engine/Content/EngineMaterials/FlattenMaterial_VT.uexp" 378
"../../../Engine/Content/EngineMaterials/DefaultPhysicalMaterial.uasset" 379
"../../../Engine/Content/EngineMaterials/DefaultPhysicalMaterial.uexp" 380
"../../../Engine/Content/EngineMaterials/DefaultDiffuse.ubulk" 381
"../../../Engine/Content/EngineMaterials/DefaultDiffuse.uexp" 382
"../../../Engine/Content/EngineMaterials/DefaultDiffuse.uasset" 383
"../../../Engine/Content/Functions/Engine_MaterialFunctions02/Utility/BreakOutFloat2Components.uasset" 384
"../../../Engine/Content/Functions/Engine_MaterialFunctions02/Utility/BreakOutFloat2Components.uexp" 385
"../../../Engine/Content/EngineMaterials/DefaultPostProcessMaterial.uexp" 386
"../../../Engine/Content/EngineMaterials/DefaultPostProcessMaterial.uasset" 387
"../../../Engine/Content/EngineMaterials/DefaultDeferredDecalMaterial.uexp" 388
"../../../Engine/Content/EngineMaterials/DefaultDeferredDecalMaterial.uasset" 389
"../../../Engine/Content/EngineMaterials/RemoveSurfaceMaterial.uasset" 390
"../../../Engine/Content/EngineMaterials/RemoveSurfaceMaterial.uexp" 391
"../../../Engine/Content/EngineMaterials/FlattenMaterial_WS_Normal_VT.uexp" 392
"../../../Engine/Content/EngineMaterials/FlattenMaterial_WS_Normal_VT.uasset" 393
"../../../Engine/Content/EngineMaterials/DefaultBloomKernel.uexp" 394
"../../../Engine/Content/EngineMaterials/DefaultBloomKernel.uasset" 395
"../../../Engine/Content/EngineMaterials/Good64x64TilingNoiseHighFreq.uasset" 396
"../../../Engine/Content/EngineMaterials/Good64x64TilingNoiseHighFreq.uexp" 397
"../../../Engine/Content/EngineMaterials/Widget3DPassThrough_Masked_OneSided.uexp" 398
"../../../Engine/Content/EngineMaterials/Widget3DPassThrough_Masked_OneSided.uasset" 399
"../../../Engine/Content/EngineMaterials/DefaultWhiteGrid_Low.uasset" 400
"../../../Engine/Content/EngineMaterials/DefaultWhiteGrid_Low.uexp" 401
"../../../Engine/Content/EngineMaterials/EmissiveMeshMaterial.uexp" 402
"../../../Engine/Content/EngineMaterials/EmissiveMeshMaterial.uasset" 403
"../../../Engine/Content/EngineMaterials/BlueNoise.uasset" 404
"../../../Engine/Content/EngineMaterials/BlueNoise.uexp" 405
"../../../Engine/Content/EngineMaterials/BaseFlattenNormalMap.uexp" 406
"../../../Engine/Content/EngineMaterials/BaseFlattenNormalMap.uasset" 407
"../../../Engine/Content/EngineMaterials/BaseFlattenGrayscaleMap.uasset" 408
"../../../Engine/Content/EngineMaterials/BaseFlattenGrayscaleMap.uexp" 409
"../../../Engine/Content/EngineMaterials/BaseFlattenDiffuseMap.uasset" 410
"../../../Engine/Content/EngineMaterials/BaseFlattenDiffuseMap.uexp" 411
"../../../Engine/Content/Functions/Engine_MaterialFunctions02/PivotPainter2/Black_1x1_EXR_Texture.uexp" 412
"../../../Engine/Content/Functions/Engine_MaterialFunctions02/PivotPainter2/Black_1x1_EXR_Texture.uasset" 413
"../../../Engine/Content/EngineMaterials/BaseFlattenEmissiveMap.uexp" 414
"../../../Engine/Content/EngineMaterials/BaseFlattenEmissiveMap.uasset" 415
"../../../Engine/Content/EngineMaterials/BaseFlattenLinearColor.uasset" 416
"../../../Engine/Content/EngineMaterials/BaseFlattenLinearColor.uexp" 417
"../../../Engine/Content/EngineMaterials/FlattenMaterial.uasset" 418
"../../../Engine/Content/EngineMaterials/FlattenMaterial.uexp" 419
"../../../Engine/Content/EngineMaterials/GizmoMaterial.uexp" 420
"../../../Engine/Content/EngineMaterials/GizmoMaterial.uasset" 421
"../../../Engine/Content/EngineMaterials/DefaultDestructiblePhysicalMaterial.uasset" 422
"../../../Engine/Content/EngineMaterials/DefaultDestructiblePhysicalMaterial.uexp" 423
"../../../Engine/Content/Functions/Engine_MaterialFunctions02/WorldPositionOffset/CameraOffset.uexp" 424
"../../../Engine/Content/Functions/Engine_MaterialFunctions02/WorldPositionOffset/CameraOffset.uasset" 425
"../../../Engine/Content/EngineMaterials/PhAT_JointLimitMaterial.uasset" 426
"../../../Engine/Content/EngineMaterials/PhAT_JointLimitMaterial.uexp" 427
"../../../Engine/Content/EngineMaterials/DefaultCalibrationColor.uexp" 428
"../../../Engine/Content/EngineMaterials/DefaultCalibrationColor.uasset" 429
"../../../Engine/Content/EngineMaterials/PPM_DefaultCalibrationColor.uasset" 430
"../../../Engine/Content/EngineMaterials/PPM_DefaultCalibrationColor.uexp" 431
"../../../Engine/Content/EngineMaterials/Widget3DPassThrough_Translucent.uasset" 432
"../../../Engine/Content/EngineMaterials/Widget3DPassThrough_Translucent.uexp" 433
"../../../Engine/Content/EngineMaterials/Widget3DPassThrough_Translucent_OneSided.uasset" 434
"../../../Engine/Content/EngineMaterials/Widget3DPassThrough_Translucent_OneSided.uexp" 435
"../../../Engine/Content/EngineMaterials/WeightMapPlaceholderTexture.uasset" 436
"../../../Engine/Content/EngineMaterials/WeightMapPlaceholderTexture.uexp" 437
"../../../Engine/Content/EngineMaterials/Widget3DPassThrough_Masked.uasset" 438
"../../../Engine/Content/EngineMaterials/Widget3DPassThrough_Masked.uexp" 439
"../../../Engine/Content/EngineMaterials/DefaultCalibrationGrayscale.uexp" 440
"../../../Engine/Content/EngineMaterials/DefaultCalibrationGrayscale.uasset" 441
"../../../Engine/Content/EngineMaterials/PPM_DefaultCalibrationGrayscale.uasset" 442
"../../../Engine/Content/EngineMaterials/PPM_DefaultCalibrationGrayscale.uexp" 443
"../../../Engine/Content/EngineMeshes/Sphere.uexp" 444
"../../../Engine/Content/EngineMeshes/Sphere.ubulk" 445
"../../../Engine/Content/EngineMeshes/Sphere.uasset" 446
"../../../Engine/Content/EngineResources/GradientTexture0.uexp" 447
"../../../Engine/Content/EngineResources/GradientTexture0.uasset" 448
"../../../Engine/Content/EngineResources/DefaultVolumeTexture2D.uexp" 449
"../../../Engine/Content/EngineResources/DefaultVolumeTexture2D.uasset" 450
"../../../Engine/Content/EngineResources/DefaultVolumeTexture.uexp" 451
"../../../Engine/Content/EngineResources/DefaultVolumeTexture.uasset" 452
"../../../Engine/Content/EngineResources/Black.uasset" 453
"../../../Engine/Content/EngineResources/Black.uexp" 454
"../../../Engine/Content/EngineResources/DefaultTexture.uasset" 455
"../../../Engine/Content/EngineResources/DefaultTexture.uexp" 456
"../../../Engine/Content/EngineResources/DefaultTexture.ubulk" 457
"../../../Engine/Content/EngineResources/DefaultTextureCube.uasset" 458
"../../../Engine/Content/EngineResources/DefaultTextureCube.uexp" 459
"../../../Engine/Content/EngineResources/FilmGrains/Marcie_Grain_v3_128_M2_000.uexp" 460
"../../../Engine/Content/EngineResources/FilmGrains/Marcie_Grain_v3_128_M2_000.uasset" 461
"../../../Engine/Content/EngineSky/M_SimpleSkyDome.uasset" 462
"../../../Engine/Content/EngineSky/M_SimpleSkyDome.uexp" 463
"../../../Engine/Content/EngineSky/T_Sky_Stars.uasset" 464
"../../../Engine/Content/EngineSky/T_Sky_Stars.ubulk" 465
"../../../Engine/Content/EngineSky/T_Sky_Stars.uexp" 466
"../../../Engine/Content/EngineSky/T_Sky_Clouds_M.ubulk" 467
"../../../Engine/Content/EngineSky/T_Sky_Clouds_M.uasset" 468
"../../../Engine/Content/EngineSky/T_Sky_Clouds_M.uexp" 469
"../../../Engine/Content/EngineSky/T_Sky_Blue.uasset" 470
"../../../Engine/Content/EngineSky/T_Sky_Blue.uexp" 471
"../../../Engine/Content/EngineSky/T_Sky_Blue.ubulk" 472
"../../../Engine/Content/EngineSky/M_Sky_Panning_Clouds2.uexp" 473
"../../../Engine/Content/EngineSky/M_Sky_Panning_Clouds2.uasset" 474
"../../../Engine/Content/EngineSky/SM_SkySphere.ubulk" 475
"../../../Engine/Content/EngineSky/SM_SkySphere.uasset" 476
"../../../Engine/Content/EngineSky/SM_SkySphere.uexp" 477
"../../../Engine/Content/EngineSky/VolumetricClouds/CloudWeatherTexture.uexp" 478
"../../../Engine/Content/EngineSky/VolumetricClouds/CloudWeatherTexture.uasset" 479
"../../../Engine/Content/Functions/Engine_MaterialFunctions02/Utility/MakeFloat2.uexp" 480
"../../../Engine/Content/Functions/Engine_MaterialFunctions02/Utility/MakeFloat2.uasset" 481
"../../../Engine/Content/EngineSky/VolumetricClouds/CloudGradientTexture.uexp" 482
"../../../Engine/Content/EngineSky/VolumetricClouds/CloudGradientTexture.uasset" 483
"../../../Engine/Content/EngineSky/VolumetricClouds/T_NoiseShape64.ubulk" 484
"../../../Engine/Content/EngineSky/VolumetricClouds/T_NoiseShape64.uexp" 485
"../../../Engine/Content/EngineSky/VolumetricClouds/T_NoiseShape64.uasset" 486
"../../../Engine/Content/EngineSky/VolumetricClouds/T_VolumeNoiseShape64.uasset" 487
"../../../Engine/Content/EngineSky/VolumetricClouds/T_VolumeNoiseShape64.uexp" 488
"../../../Engine/Content/EngineSky/VolumetricClouds/T_NoiseErosion.ubulk" 489
"../../../Engine/Content/EngineSky/VolumetricClouds/T_NoiseErosion.uexp" 490
"../../../Engine/Content/EngineSky/VolumetricClouds/T_NoiseErosion.uasset" 491
"../../../Engine/Content/EngineSky/VolumetricClouds/T_VolumeNoiseErosion32.uasset" 492
"../../../Engine/Content/EngineSky/VolumetricClouds/T_VolumeNoiseErosion32.uexp" 493
"../../../Engine/Content/EngineSky/VolumetricClouds/m_SimpleVolumetricCloud.uasset" 494
"../../../Engine/Content/EngineSky/VolumetricClouds/m_SimpleVolumetricCloud.uexp" 495
"../../../Engine/Content/EngineSky/VolumetricClouds/m_SimpleVolumetricCloud_Inst.uexp" 496
"../../../Engine/Content/EngineSky/VolumetricClouds/m_SimpleVolumetricCloud_Inst.uasset" 497
"../../../Engine/Content/EngineSounds/Master.uexp" 498
"../../../Engine/Content/EngineSounds/Master.uasset" 499
"../../../Engine/Content/Functions/Engine_MaterialFunctions01/Shading/PowerToRoughness.uexp" 500
"../../../Engine/Content/Functions/Engine_MaterialFunctions01/Shading/PowerToRoughness.uasset" 501
"../../../Engine/Content/Functions/Engine_MaterialFunctions01/Shading/ConvertFromDiffSpec.uexp" 502
"../../../Engine/Content/Functions/Engine_MaterialFunctions01/Shading/ConvertFromDiffSpec.uasset" 503
"../../../Engine/Content/MobileResources/HUD/VirtualJoystick_Background.uexp" 504
"../../../Engine/Content/MobileResources/HUD/VirtualJoystick_Background.uasset" 505
"../../../Engine/Content/MobileResources/HUD/VirtualJoystick_Thumb.uasset" 506
"../../../Engine/Content/MobileResources/HUD/VirtualJoystick_Thumb.uexp" 507
"../../../Engine/Content/MobileResources/HUD/DefaultVirtualJoysticks.uasset" 508
"../../../Engine/Content/MobileResources/HUD/DefaultVirtualJoysticks.uexp" 509
"../../../Engine/Content/Tutorial/ContentIntroCurve.uasset" 510
"../../../Engine/Content/Tutorial/ContentIntroCurve.uexp" 511
"../../../Engine/Content/VREditor/LaserPointer/VR_LaserPower_01.uexp" 512
"../../../Engine/Content/VREditor/LaserPointer/VR_LaserPower_01.ubulk" 513
"../../../Engine/Content/VREditor/LaserPointer/VR_LaserPower_01.uasset" 514
"../../../Engine/Content/VREditor/TransformGizmo/TransformGizmoMaterial.uasset" 515
"../../../Engine/Content/VREditor/TransformGizmo/TransformGizmoMaterial.uexp" 516
"../../../Engine/Content/VREditor/TransformGizmo/TranslucentTransformGizmoMaterial.uasset" 517
"../../../Engine/Content/VREditor/TransformGizmo/TranslucentTransformGizmoMaterial.uexp" 518
"../../../Engine/Content/VREditor/TransformGizmo/BoundingBoxEdge.ubulk" 519
"../../../Engine/Content/VREditor/TransformGizmo/BoundingBoxEdge.uexp" 520
"../../../Engine/Content/VREditor/TransformGizmo/BoundingBoxEdge.uasset" 521
"../../../Engine/Content/VREditor/TransformGizmo/Main.uasset" 522
"../../../Engine/Content/VREditor/TransformGizmo/Main.uexp" 523
"../../../Engine/Content/VREditor/TransformGizmo/Xray.uexp" 524
"../../../Engine/Content/VREditor/TransformGizmo/Xray.uasset" 525
"../../../Engine/Content/VREditor/TransformGizmo/SM_Sequencer_Node.uexp" 526
"../../../Engine/Content/VREditor/TransformGizmo/SM_Sequencer_Node.ubulk" 527
"../../../Engine/Content/VREditor/TransformGizmo/SM_Sequencer_Node.uasset" 528
"../../../Engine/Content/VREditor/TransformGizmo/BoundingBoxCorner.ubulk" 529
"../../../Engine/Content/VREditor/TransformGizmo/BoundingBoxCorner.uasset" 530
"../../../Engine/Content/VREditor/TransformGizmo/BoundingBoxCorner.uexp" 531
"../../../Engine/Content/VREditor/TransformGizmo/PlaneTranslationHandle.ubulk" 532
"../../../Engine/Content/VREditor/TransformGizmo/PlaneTranslationHandle.uasset" 533
"../../../Engine/Content/VREditor/TransformGizmo/PlaneTranslationHandle.uexp" 534
"../../../Engine/Plugins/2D/Paper2D/Content/PlaceholderTextures/DummySpriteTexture.ubulk" 535
"../../../Engine/Plugins/2D/Paper2D/Content/PlaceholderTextures/DummySpriteTexture.uexp" 536
"../../../Engine/Plugins/2D/Paper2D/Content/PlaceholderTextures/DummySpriteTexture.uasset" 537
"../../../Engine/Plugins/2D/Paper2D/Content/DefaultSpriteMaterial.uexp" 538
"../../../Engine/Plugins/2D/Paper2D/Content/DefaultSpriteMaterial.uasset" 539
"../../../Engine/Plugins/2D/Paper2D/Content/MaskedUnlitSpriteMaterial.uexp" 540
"../../../Engine/Plugins/2D/Paper2D/Content/MaskedUnlitSpriteMaterial.uasset" 541
"../../../Engine/Plugins/2D/Paper2D/Content/DummySprite.uasset" 542
"../../../Engine/Plugins/2D/Paper2D/Content/DummySprite.uexp" 543
"../../../Engine/Plugins/2D/Paper2D/Content/DefaultPaperTerrainMaterial.uexp" 544
"../../../Engine/Plugins/2D/Paper2D/Content/DefaultPaperTerrainMaterial.uasset" 545
"../../../Engine/Plugins/2D/Paper2D/Content/OpaqueUnlitSpriteMaterial.uasset" 546
"../../../Engine/Plugins/2D/Paper2D/Content/OpaqueUnlitSpriteMaterial.uexp" 547
"../../../Engine/Plugins/Animation/ControlRig/Content/M_Manip.uasset" 548
"../../../Engine/Plugins/Animation/ControlRig/Content/M_Manip.uexp" 549
"../../../Engine/Plugins/Animation/ControlRig/Content/Controls/ControlRig_Octagon_solid.uexp" 550
"../../../Engine/Plugins/Animation/ControlRig/Content/Controls/ControlRig_Octagon_solid.ubulk" 551
"../../../Engine/Plugins/Animation/ControlRig/Content/Controls/ControlRig_Octagon_solid.uasset" 552
"../../../Engine/Plugins/Animation/ControlRig/Content/Controls/ControlRig_Pyramid_solid.uexp" 553
"../../../Engine/Plugins/Animation/ControlRig/Content/Controls/ControlRig_Pyramid_solid.ubulk" 554
"../../../Engine/Plugins/Animation/ControlRig/Content/Controls/ControlRig_Pyramid_solid.uasset" 555
"../../../Engine/Plugins/Animation/ControlRig/Content/Controls/ControlRig_Wedge_solid.uexp" 556
"../../../Engine/Plugins/Animation/ControlRig/Content/Controls/ControlRig_Wedge_solid.ubulk" 557
"../../../Engine/Plugins/Animation/ControlRig/Content/Controls/ControlRig_Wedge_solid.uasset" 558
"../../../Engine/Plugins/Animation/ControlRig/Content/Controls/ControlRig_RoundedSquare_1mm.ubulk" 559
"../../../Engine/Plugins/Animation/ControlRig/Content/Controls/ControlRig_RoundedSquare_1mm.uexp" 560
"../../../Engine/Plugins/Animation/ControlRig/Content/Controls/ControlRig_RoundedSquare_1mm.uasset" 561
"../../../Engine/Plugins/Animation/ControlRig/Content/Controls/ControlRig_Star4_1mm.ubulk" 562
"../../../Engine/Plugins/Animation/ControlRig/Content/Controls/ControlRig_Star4_1mm.uexp" 563
"../../../Engine/Plugins/Animation/ControlRig/Content/Controls/ControlRig_Star4_1mm.uasset" 564
"../../../Engine/Plugins/Animation/ControlRig/Content/Controls/ControlRig_Hexagon_solid.ubulk" 565
"../../../Engine/Plugins/Animation/ControlRig/Content/Controls/ControlRig_Hexagon_solid.uexp" 566
"../../../Engine/Plugins/Animation/ControlRig/Content/Controls/ControlRig_Hexagon_solid.uasset" 567
"../../../Engine/Plugins/Animation/ControlRig/Content/Controls/ControlRig_Arrow_solid.ubulk" 568
"../../../Engine/Plugins/Animation/ControlRig/Content/Controls/ControlRig_Arrow_solid.uexp" 569
"../../../Engine/Plugins/Animation/ControlRig/Content/Controls/ControlRig_Arrow_solid.uasset" 570
"../../../Engine/Plugins/Animation/ControlRig/Content/Controls/ControlRig_Triangle_3mm.uasset" 571
"../../../Engine/Plugins/Animation/ControlRig/Content/Controls/ControlRig_Triangle_3mm.uexp" 572
"../../../Engine/Plugins/Animation/ControlRig/Content/Controls/ControlRig_Triangle_3mm.ubulk" 573
"../../../Engine/Plugins/Animation/ControlRig/Content/Controls/ControlRig_Box_solid.uasset" 574
"../../../Engine/Plugins/Animation/ControlRig/Content/Controls/ControlRig_Box_solid.ubulk" 575
"../../../Engine/Plugins/Animation/ControlRig/Content/Controls/ControlRig_Box_solid.uexp" 576
"../../../Engine/Plugins/Animation/ControlRig/Content/Controls/ControlRig_Wedge_3mm.uasset" 577
"../../../Engine/Plugins/Animation/ControlRig/Content/Controls/ControlRig_Wedge_3mm.ubulk" 578
"../../../Engine/Plugins/Animation/ControlRig/Content/Controls/ControlRig_Wedge_3mm.uexp" 579
"../../../Engine/Plugins/Animation/ControlRig/Content/Controls/ControlRig_HalfCircle_1mm.ubulk" 580
"../../../Engine/Plugins/Animation/ControlRig/Content/Controls/ControlRig_HalfCircle_1mm.uexp" 581
"../../../Engine/Plugins/Animation/ControlRig/Content/Controls/ControlRig_HalfCircle_1mm.uasset" 582
"../../../Engine/Plugins/Animation/ControlRig/Content/Controls/ControlRig_HalfCircle_solid.uexp" 583
"../../../Engine/Plugins/Animation/ControlRig/Content/Controls/ControlRig_HalfCircle_solid.ubulk" 584
"../../../Engine/Plugins/Animation/ControlRig/Content/Controls/ControlRig_HalfCircle_solid.uasset" 585
"../../../Engine/Plugins/Animation/ControlRig/Content/Controls/ControlRig_Arrow2_1mm.uexp" 586
"../../../Engine/Plugins/Animation/ControlRig/Content/Controls/ControlRig_Arrow2_1mm.ubulk" 587
"../../../Engine/Plugins/Animation/ControlRig/Content/Controls/ControlRig_Arrow2_1mm.uasset" 588
"../../../Engine/Plugins/Animation/ControlRig/Content/Controls/ControlRig_Octagon_3mm.uexp" 589
"../../../Engine/Plugins/Animation/ControlRig/Content/Controls/ControlRig_Octagon_3mm.ubulk" 590
"../../../Engine/Plugins/Animation/ControlRig/Content/Controls/ControlRig_Octagon_3mm.uasset" 591
"../../../Engine/Plugins/Animation/ControlRig/Content/Controls/ControlRig_Box_3mm.uexp" 592
"../../../Engine/Plugins/Animation/ControlRig/Content/Controls/ControlRig_Box_3mm.ubulk" 593
"../../../Engine/Plugins/Animation/ControlRig/Content/Controls/ControlRig_Box_3mm.uasset" 594
"../../../Engine/Plugins/Animation/ControlRig/Content/Controls/ControlRig_Sphere_1mm.uasset" 595
"../../../Engine/Plugins/Animation/ControlRig/Content/Controls/ControlRig_Sphere_1mm.uexp" 596
"../../../Engine/Plugins/Animation/ControlRig/Content/Controls/ControlRig_Sphere_1mm.ubulk" 597
"../../../Engine/Plugins/Animation/ControlRig/Content/Controls/ControlRig_Pyramid_3mm.uasset" 598
"../../../Engine/Plugins/Animation/ControlRig/Content/Controls/ControlRig_Pyramid_3mm.ubulk" 599
"../../../Engine/Plugins/Animation/ControlRig/Content/Controls/ControlRig_Pyramid_3mm.uexp" 600
"../../../Engine/Plugins/Animation/ControlRig/Content/Controls/ControlRig_QuarterCircle_3mm.ubulk" 601
"../../../Engine/Plugins/Animation/ControlRig/Content/Controls/ControlRig_QuarterCircle_3mm.uexp" 602
"../../../Engine/Plugins/Animation/ControlRig/Content/Controls/ControlRig_QuarterCircle_3mm.uasset" 603
"../../../Engine/Plugins/Animation/ControlRig/Content/Controls/ControlRig_Circle_1mm.ubulk" 604
"../../../Engine/Plugins/Animation/ControlRig/Content/Controls/ControlRig_Circle_1mm.uexp" 605
"../../../Engine/Plugins/Animation/ControlRig/Content/Controls/ControlRig_Circle_1mm.uasset" 606
"../../../Engine/Plugins/Animation/ControlRig/Content/Controls/ControlRig_RoundedTriangle_3mm.uasset" 607
"../../../Engine/Plugins/Animation/ControlRig/Content/Controls/ControlRig_RoundedTriangle_3mm.uexp" 608
"../../../Engine/Plugins/Animation/ControlRig/Content/Controls/ControlRig_RoundedTriangle_3mm.ubulk" 609
"../../../Engine/Plugins/Animation/ControlRig/Content/Controls/ControlRig_Triangle_solid.uasset" 610
"../../../Engine/Plugins/Animation/ControlRig/Content/Controls/ControlRig_Triangle_solid.ubulk" 611
"../../../Engine/Plugins/Animation/ControlRig/Content/Controls/ControlRig_Triangle_solid.uexp" 612
"../../../Engine/Plugins/Animation/ControlRig/Content/Controls/ControlRig_Diamond_1mm.uasset" 613
"../../../Engine/Plugins/Animation/ControlRig/Content/Controls/ControlRig_Diamond_1mm.uexp" 614
"../../../Engine/Plugins/Animation/ControlRig/Content/Controls/ControlRig_Diamond_1mm.ubulk" 615
"../../../Engine/Plugins/Animation/ControlRig/Content/Controls/ControlRig_Arrow2_solid.uasset" 616
"../../../Engine/Plugins/Animation/ControlRig/Content/Controls/ControlRig_Arrow2_solid.uexp" 617
"../../../Engine/Plugins/Animation/ControlRig/Content/Controls/ControlRig_Arrow2_solid.ubulk" 618
"../../../Engine/Plugins/Animation/ControlRig/Content/Controls/ControlRig_Arrow4_3mm.uasset" 619
"../../../Engine/Plugins/Animation/ControlRig/Content/Controls/ControlRig_Arrow4_3mm.ubulk" 620
"../../../Engine/Plugins/Animation/ControlRig/Content/Controls/ControlRig_Arrow4_3mm.uexp" 621
"../../../Engine/Plugins/Animation/ControlRig/Content/Controls/ControlRig_Hexagon_1mm.uasset" 622
"../../../Engine/Plugins/Animation/ControlRig/Content/Controls/ControlRig_Hexagon_1mm.uexp" 623
"../../../Engine/Plugins/Animation/ControlRig/Content/Controls/ControlRig_Hexagon_1mm.ubulk" 624
"../../../Engine/Plugins/Animation/ControlRig/Content/Controls/ControlRig_QuarterCircle_solid.uasset" 625
"../../../Engine/Plugins/Animation/ControlRig/Content/Controls/ControlRig_QuarterCircle_solid.ubulk" 626
"../../../Engine/Plugins/Animation/ControlRig/Content/Controls/ControlRig_QuarterCircle_solid.uexp" 627
"../../../Engine/Plugins/Animation/ControlRig/Content/Controls/ControlRig_Arrow_1mm.uasset" 628
"../../../Engine/Plugins/Animation/ControlRig/Content/Controls/ControlRig_Arrow_1mm.uexp" 629
"../../../Engine/Plugins/Animation/ControlRig/Content/Controls/ControlRig_Arrow_1mm.ubulk" 630
"../../../Engine/Plugins/Animation/ControlRig/Content/Controls/ControlRig_Square_1mm.ubulk" 631
"../../../Engine/Plugins/Animation/ControlRig/Content/Controls/ControlRig_Square_1mm.uexp" 632
"../../../Engine/Plugins/Animation/ControlRig/Content/Controls/ControlRig_Square_1mm.uasset" 633
"../../../Engine/Plugins/Animation/ControlRig/Content/Controls/ControlRig_Circle_solid.ubulk" 634
"../../../Engine/Plugins/Animation/ControlRig/Content/Controls/ControlRig_Circle_solid.uexp" 635
"../../../Engine/Plugins/Animation/ControlRig/Content/Controls/ControlRig_Circle_solid.uasset" 636
"../../../Engine/Plugins/Animation/ControlRig/Content/Controls/ControlRig_Arrow4_solid.uexp" 637
"../../../Engine/Plugins/Animation/ControlRig/Content/Controls/ControlRig_Arrow4_solid.uasset" 638
"../../../Engine/Plugins/Animation/ControlRig/Content/Controls/ControlRig_Arrow4_solid.ubulk" 639
"../../../Engine/Plugins/Animation/ControlRig/Content/Controls/ControlRig_RoundedSquare_solid.uexp" 640
"../../../Engine/Plugins/Animation/ControlRig/Content/Controls/ControlRig_RoundedSquare_solid.ubulk" 641
"../../../Engine/Plugins/Animation/ControlRig/Content/Controls/ControlRig_RoundedSquare_solid.uasset" 642
"../../../Engine/Plugins/Animation/ControlRig/Content/Controls/ControlRig_Star4_solid.uasset" 643
"../../../Engine/Plugins/Animation/ControlRig/Content/Controls/ControlRig_Star4_solid.uexp" 644
"../../../Engine/Plugins/Animation/ControlRig/Content/Controls/ControlRig_Star4_solid.ubulk" 645
"../../../Engine/Plugins/Animation/ControlRig/Content/Controls/ControlRig_Diamond_solid.uexp" 646
"../../../Engine/Plugins/Animation/ControlRig/Content/Controls/ControlRig_Diamond_solid.ubulk" 647
"../../../Engine/Plugins/Animation/ControlRig/Content/Controls/ControlRig_Diamond_solid.uasset" 648
"../../../Engine/Plugins/Animation/ControlRig/Content/Controls/ControlRig_Arrow2_3mm.uasset" 649
"../../../Engine/Plugins/Animation/ControlRig/Content/Controls/ControlRig_Arrow2_3mm.ubulk" 650
"../../../Engine/Plugins/Animation/ControlRig/Content/Controls/ControlRig_Arrow2_3mm.uexp" 651
"../../../Engine/Plugins/Animation/ControlRig/Content/Controls/ControlRig_Box_1mm.ubulk" 652
"../../../Engine/Plugins/Animation/ControlRig/Content/Controls/ControlRig_Box_1mm.uexp" 653
"../../../Engine/Plugins/Animation/ControlRig/Content/Controls/ControlRig_Box_1mm.uasset" 654
"../../../Engine/Plugins/Animation/ControlRig/Content/Controls/ControlRig_Octagon_1mm.uasset" 655
"../../../Engine/Plugins/Animation/ControlRig/Content/Controls/ControlRig_Octagon_1mm.ubulk" 656
"../../../Engine/Plugins/Animation/ControlRig/Content/Controls/ControlRig_Octagon_1mm.uexp" 657
"../../../Engine/Plugins/Animation/ControlRig/Content/Controls/ControlRig_Sphere_3mm.uasset" 658
"../../../Engine/Plugins/Animation/ControlRig/Content/Controls/ControlRig_Sphere_3mm.uexp" 659
"../../../Engine/Plugins/Animation/ControlRig/Content/Controls/ControlRig_Sphere_3mm.ubulk" 660
"../../../Engine/Plugins/Animation/ControlRig/Content/Controls/ControlRig_Triangle_1mm.uasset" 661
"../../../Engine/Plugins/Animation/ControlRig/Content/Controls/ControlRig_Triangle_1mm.uexp" 662
"../../../Engine/Plugins/Animation/ControlRig/Content/Controls/ControlRig_Triangle_1mm.ubulk" 663
"../../../Engine/Plugins/Animation/ControlRig/Content/Controls/ControlRig_RoundedTriangle_solid.ubulk" 664
"../../../Engine/Plugins/Animation/ControlRig/Content/Controls/ControlRig_RoundedTriangle_solid.uasset" 665
"../../../Engine/Plugins/Animation/ControlRig/Content/Controls/ControlRig_RoundedTriangle_solid.uexp" 666
"../../../Engine/Plugins/Animation/ControlRig/Content/Controls/ControlRig_HalfCircle_3mm.uasset" 667
"../../../Engine/Plugins/Animation/ControlRig/Content/Controls/ControlRig_HalfCircle_3mm.uexp" 668
"../../../Engine/Plugins/Animation/ControlRig/Content/Controls/ControlRig_HalfCircle_3mm.ubulk" 669
"../../../Engine/Plugins/Animation/ControlRig/Content/Controls/ControlRig_Wedge_1mm.uasset" 670
"../../../Engine/Plugins/Animation/ControlRig/Content/Controls/ControlRig_Wedge_1mm.ubulk" 671
"../../../Engine/Plugins/Animation/ControlRig/Content/Controls/ControlRig_Wedge_1mm.uexp" 672
"../../../Engine/Plugins/Animation/ControlRig/Content/Controls/DefaultGizmoLibraryNormalized.uexp" 673
"../../../Engine/Plugins/Animation/ControlRig/Content/Controls/DefaultGizmoLibraryNormalized.uasset" 674
"../../../Engine/Plugins/Animation/ControlRig/Content/Controls/ControlRig_RoundedSquare_3mm.uasset" 675
"../../../Engine/Plugins/Animation/ControlRig/Content/Controls/ControlRig_RoundedSquare_3mm.ubulk" 676
"../../../Engine/Plugins/Animation/ControlRig/Content/Controls/ControlRig_RoundedSquare_3mm.uexp" 677
"../../../Engine/Plugins/Animation/ControlRig/Content/Controls/ControlRig_Star4_3mm.uasset" 678
"../../../Engine/Plugins/Animation/ControlRig/Content/Controls/ControlRig_Star4_3mm.uexp" 679
"../../../Engine/Plugins/Animation/ControlRig/Content/Controls/ControlRig_Star4_3mm.ubulk" 680
"../../../Engine/Plugins/Animation/ControlRig/Content/Controls/ControlRig_Square_3mm.uexp" 681
"../../../Engine/Plugins/Animation/ControlRig/Content/Controls/ControlRig_Square_3mm.ubulk" 682
"../../../Engine/Plugins/Animation/ControlRig/Content/Controls/ControlRig_Square_3mm.uasset" 683
"../../../Engine/Plugins/Animation/ControlRig/Content/Controls/ControlRig_Sphere_solid.uexp" 684
"../../../Engine/Plugins/Animation/ControlRig/Content/Controls/ControlRig_Sphere_solid.uasset" 685
"../../../Engine/Plugins/Animation/ControlRig/Content/Controls/ControlRig_Sphere_solid.ubulk" 686
"../../../Engine/Plugins/Animation/ControlRig/Content/Controls/ControlRig_Hexagon_3mm.uexp" 687
"../../../Engine/Plugins/Animation/ControlRig/Content/Controls/ControlRig_Hexagon_3mm.uasset" 688
"../../../Engine/Plugins/Animation/ControlRig/Content/Controls/ControlRig_Hexagon_3mm.ubulk" 689
"../../../Engine/Plugins/Animation/ControlRig/Content/Controls/ControlRig_Arrow_3mm.uexp" 690
"../../../Engine/Plugins/Animation/ControlRig/Content/Controls/ControlRig_Arrow_3mm.uasset" 691
"../../../Engine/Plugins/Animation/ControlRig/Content/Controls/ControlRig_Arrow_3mm.ubulk" 692
"../../../Engine/Plugins/Animation/ControlRig/Content/Controls/ControlRig_Diamond_3mm.ubulk" 693
"../../../Engine/Plugins/Animation/ControlRig/Content/Controls/ControlRig_Diamond_3mm.uasset" 694
"../../../Engine/Plugins/Animation/ControlRig/Content/Controls/ControlRig_Diamond_3mm.uexp" 695
"../../../Engine/Plugins/Animation/ControlRig/Content/Controls/ControlRig_Square_solid.uexp" 696
"../../../Engine/Plugins/Animation/ControlRig/Content/Controls/ControlRig_Square_solid.uasset" 697
"../../../Engine/Plugins/Animation/ControlRig/Content/Controls/ControlRig_Square_solid.ubulk" 698
"../../../Engine/Plugins/Animation/ControlRig/Content/Controls/ControlRig_Arrow4_1mm.ubulk" 699
"../../../Engine/Plugins/Animation/ControlRig/Content/Controls/ControlRig_Arrow4_1mm.uasset" 700
"../../../Engine/Plugins/Animation/ControlRig/Content/Controls/ControlRig_Arrow4_1mm.uexp" 701
"../../../Engine/Plugins/Animation/ControlRig/Content/Controls/ControlRig_Pyramid_1mm.ubulk" 702
"../../../Engine/Plugins/Animation/ControlRig/Content/Controls/ControlRig_Pyramid_1mm.uasset" 703
"../../../Engine/Plugins/Animation/ControlRig/Content/Controls/ControlRig_Pyramid_1mm.uexp" 704
"../../../Engine/Plugins/Animation/ControlRig/Content/Controls/ControlRig_QuarterCircle_1mm.uexp" 705
"../../../Engine/Plugins/Animation/ControlRig/Content/Controls/ControlRig_QuarterCircle_1mm.uasset" 706
"../../../Engine/Plugins/Animation/ControlRig/Content/Controls/ControlRig_QuarterCircle_1mm.ubulk" 707
"../../../Engine/Plugins/Animation/ControlRig/Content/Controls/ControlRig_Circle_3mm.ubulk" 708
"../../../Engine/Plugins/Animation/ControlRig/Content/Controls/ControlRig_Circle_3mm.uasset" 709
"../../../Engine/Plugins/Animation/ControlRig/Content/Controls/ControlRig_Circle_3mm.uexp" 710
"../../../Engine/Plugins/Animation/ControlRig/Content/Controls/ControlRig_RoundedTriangle_1mm.uexp" 711
"../../../Engine/Plugins/Animation/ControlRig/Content/Controls/ControlRig_RoundedTriangle_1mm.uasset" 712
"../../../Engine/Plugins/Animation/ControlRig/Content/Controls/ControlRig_RoundedTriangle_1mm.ubulk" 713
"../../../Engine/Plugins/Animation/ControlRig/Content/Controls/ControlRigGizmoMaterial.uasset" 714
"../../../Engine/Plugins/Animation/ControlRig/Content/Controls/ControlRigGizmoMaterial.uexp" 715
"../../../Engine/Plugins/Editor/SpeedTreeImporter/Content/SpeedTree9/game_wind_noise.uexp" 716
"../../../Engine/Plugins/Editor/SpeedTreeImporter/Content/SpeedTree9/game_wind_noise.uasset" 717
"../../../Engine/Plugins/Editor/SpeedTreeImporter/Content/SpeedTree9/game_wind_noise.ubulk" 718
"../../../Engine/Plugins/Editor/SpeedTreeImporter/Content/SpeedTree9/UnpackDirection.uexp" 719
"../../../Engine/Plugins/Editor/SpeedTreeImporter/Content/SpeedTree9/UnpackDirection.uasset" 720
"../../../Engine/Content/Functions/Engine_MaterialFunctions02/ObjectLocalBounds.uasset" 721
"../../../Engine/Content/Functions/Engine_MaterialFunctions02/ObjectLocalBounds.uexp" 722
"../../../Engine/Content/Functions/Engine_MaterialFunctions02/UVs/BoundingBoxBased_0-1_UVW.uexp" 723
"../../../Engine/Content/Functions/Engine_MaterialFunctions02/UVs/BoundingBoxBased_0-1_UVW.uasset" 724
"../../../Engine/Content/Functions/Engine_MaterialFunctions02/Utility/VectorLength.uexp" 725
"../../../Engine/Content/Functions/Engine_MaterialFunctions02/Utility/VectorLength.uasset" 726
"../../../Engine/Plugins/Editor/SpeedTreeImporter/Content/SpeedTree9/UnpackInteger3.uexp" 727
"../../../Engine/Plugins/Editor/SpeedTreeImporter/Content/SpeedTree9/UnpackInteger3.uasset" 728
"../../../Engine/Plugins/Editor/SpeedTreeImporter/Content/SpeedTree9/SpeedTreeCameraFacing.uasset" 729
"../../../Engine/Plugins/Editor/SpeedTreeImporter/Content/SpeedTree9/SpeedTreeCameraFacing.uexp" 730
"../../../Engine/Content/Functions/Engine_MaterialFunctions02/WorldPositionOffset/ObjectScale.uexp" 731
"../../../Engine/Content/Functions/Engine_MaterialFunctions02/WorldPositionOffset/ObjectScale.uasset" 732
"../../../Engine/Content/Functions/Engine_MaterialFunctions02/SafeNormalize.uasset" 733
"../../../Engine/Content/Functions/Engine_MaterialFunctions02/SafeNormalize.uexp" 734
"../../../Engine/Plugins/Editor/SpeedTreeImporter/Content/SpeedTree9/SpeedTreeWindMotion.uexp" 735
"../../../Engine/Plugins/Editor/SpeedTreeImporter/Content/SpeedTree9/SpeedTreeWindMotion.uasset" 736
"../../../Engine/Plugins/Editor/SpeedTreeImporter/Content/SpeedTree9/SpeedTreeBranchMotion.uexp" 737
"../../../Engine/Plugins/Editor/SpeedTreeImporter/Content/SpeedTree9/SpeedTreeBranchMotion.uasset" 738
"../../../Engine/Plugins/Editor/SpeedTreeImporter/Content/SpeedTree9/SpeedTreeWind.uasset" 739
"../../../Engine/Plugins/Editor/SpeedTreeImporter/Content/SpeedTree9/SpeedTreeWind.uexp" 740
"../../../Engine/Plugins/Editor/SpeedTreeImporter/Content/SpeedTree9/EmptyNormal.uasset" 741
"../../../Engine/Plugins/Editor/SpeedTreeImporter/Content/SpeedTree9/EmptyNormal.uexp" 742
"../../../Engine/Plugins/Editor/SpeedTreeImporter/Content/SpeedTree9/Empty.uasset" 743
"../../../Engine/Plugins/Editor/SpeedTreeImporter/Content/SpeedTree9/Empty.uexp" 744
"../../../Engine/Plugins/Editor/SpeedTreeImporter/Content/SpeedTree9/SpeedTreeMaster.uexp" 745
"../../../Engine/Plugins/Editor/SpeedTreeImporter/Content/SpeedTree9/SpeedTreeMaster.uasset" 746
"../../../Engine/Plugins/Editor/SpeedTreeImporter/Content/SpeedTree9/SpeedTreeBillboard.uexp" 747
"../../../Engine/Plugins/Editor/SpeedTreeImporter/Content/SpeedTree9/SpeedTreeBillboard.uasset" 748
"../../../Engine/Plugins/Editor/SpeedTreeImporter/Content/SpeedTree9/SpeedTreeBillboardMaster.uasset" 749
"../../../Engine/Plugins/Editor/SpeedTreeImporter/Content/SpeedTree9/SpeedTreeBillboardMaster.uexp" 750
"../../../Engine/Plugins/Runtime/HairStrands/Content/Materials/HairCardsDefaultMaterial.uexp" 751
"../../../Engine/Plugins/Runtime/HairStrands/Content/Materials/HairCardsDefaultMaterial.uasset" 752
"../../../Engine/Plugins/Runtime/HairStrands/Content/Materials/HairGroupColors.uexp" 753
"../../../Engine/Plugins/Runtime/HairStrands/Content/Materials/HairGroupColors.uasset" 754
"../../../Engine/Content/EngineMaterials/HairColorMap.uasset" 755
"../../../Engine/Content/EngineMaterials/HairColorMap.uexp" 756
"../../../Engine/Content/EngineMaterials/HairDebugColor.uexp" 757
"../../../Engine/Content/EngineMaterials/HairDebugColor.uasset" 758
"../../../Engine/Plugins/Runtime/HairStrands/Content/Materials/HairDebugMaterial.uexp" 759
"../../../Engine/Plugins/Runtime/HairStrands/Content/Materials/HairDebugMaterial.uasset" 760
"../../../Engine/Plugins/Runtime/HairStrands/Content/Materials/HairDefaultMaterial.uasset" 761
"../../../Engine/Plugins/Runtime/HairStrands/Content/Materials/HairDefaultMaterial.uexp" 762
"../../../Engine/Plugins/Runtime/HairStrands/Content/Materials/HairMeshesDefaultMaterial.uasset" 763
"../../../Engine/Plugins/Runtime/HairStrands/Content/Materials/HairMeshesDefaultMaterial.uexp" 764
"../../../Engine/Content/Maps/Templates/HLODs/HLODLayer_Instanced.uexp" 765
"../../../Engine/Content/Maps/Templates/HLODs/HLODLayer_Instanced.uasset" 766
"/Users/airat/Documents/Unreal Projects/InsertGameName/Content/FirstPerson/Maps/FirstPersonMap.uexp" 767
"/Users/airat/Documents/Unreal Projects/InsertGameName/Content/FirstPerson/Maps/FirstPersonMap.umap" 768
"../../../Engine/Content/Maps/Entry_BuiltData.uexp" 769
"../../../Engine/Content/Maps/Entry_BuiltData.uasset" 770
"../../../Engine/Content/Maps/Entry.umap" 771
"../../../Engine/Content/Maps/Entry.uexp" 772
